2022.01.27 21:17:32 INFO  tracing is disabled for protocol LSP, to enable tracing of incoming and outgoing JSON messages create an empty file at /home/anzor.gurchumelia/IDEAProjects/RockTheJvm/.metals/lsp.trace.json or /home/anzor.gurchumelia/.cache/metals/lsp.trace.json
2022.01.27 21:17:32 INFO  logging to file /home/anzor.gurchumelia/IDEAProjects/RockTheJvm/.metals/metals.log
2022.01.27 21:17:32 INFO  Started: Metals version 0.11.1 in workspace '/home/anzor.gurchumelia/IDEAProjects/RockTheJvm' for client Visual Studio Code 1.63.2.
2022.01.27 21:17:32 INFO  Parse release: 15.0.2
2022.01.27 21:17:39 INFO  time: initialize in 6.29s
2022.01.27 21:17:39 WARN  Build server is not auto-connectable.
2022.01.27 21:17:39 WARN  no build tool detected in workspace '/home/anzor.gurchumelia/IDEAProjects/RockTheJvm'. The most common cause for this problem is that the editor was opened in the wrong working directory, for example if you use sbt then the workspace directory should contain build.sbt. 
2022.01.27 21:17:39 WARN  no build target for: /home/anzor.gurchumelia/IDEAProjects/RockTheJvm/src/lectures2/oop/MethodNotationExercises.scala
Jan 27, 2022 9:17:40 PM org.eclipse.lsp4j.jsonrpc.services.GenericEndpoint notify
INFO: Unsupported notification method: $/setTrace
Jan 27, 2022 9:17:42 PM org.eclipse.lsp4j.jsonrpc.services.GenericEndpoint notify
INFO: Unsupported notification method: $/setTrace
2022.01.27 21:17:52 INFO  no build target found for /home/anzor.gurchumelia/IDEAProjects/RockTheJvm/src/lectures2/oop/MethodNotationExercises.scala. Using presentation compiler with project's scala-library version: 3.1.0
Jan 27, 2022 9:17:54 PM org.eclipse.lsp4j.jsonrpc.RemoteEndpoint handleCancellation
WARNING: Unmatched cancel notification for request id 5
Jan 27, 2022 9:17:54 PM org.eclipse.lsp4j.jsonrpc.RemoteEndpoint handleCancellation
WARNING: Unmatched cancel notification for request id 7
Jan 27, 2022 9:19:17 PM org.eclipse.lsp4j.jsonrpc.services.GenericEndpoint notify
INFO: Unsupported notification method: $/setTrace
Jan 27, 2022 9:21:35 PM org.eclipse.lsp4j.jsonrpc.services.GenericEndpoint notify
INFO: Unsupported notification method: $/setTrace
Jan 27, 2022 9:21:58 PM org.eclipse.lsp4j.jsonrpc.services.GenericEndpoint notify
INFO: Unsupported notification method: $/setTrace
2022.01.27 21:22:09 INFO  shutting down Metals
